2012-11-22 04:04:40 Error: [MissingConnectionException] Database connection "SQLSTATE[HY000] [1045] Access denied for user 'root'@'localhost' (using password: YES)" is missing, or could not be created.
#0 D:\xampp\htdocs\cakephp\lib\Cake\Model\Datasource\DboSource.php(260): Mysql->connect()
#1 D:\xampp\htdocs\cakephp\lib\Cake\Model\ConnectionManager.php(101): DboSource->__construct(Array)
#2 D:\xampp\htdocs\cakephp\lib\Cake\Model\Model.php(3158): ConnectionManager::getDataSource('default')
#3 D:\xampp\htdocs\cakephp\lib\Cake\Model\Model.php(1092): Model->setDataSource('default')
#4 D:\xampp\htdocs\cakephp\lib\Cake\Model\Model.php(3180): Model->setSource('body_parts')
#5 D:\xampp\htdocs\cakephp\lib\Cake\Model\Model.php(2631): Model->getDataSource()
#6 D:\xampp\htdocs\cakephp\app\Controller\ExercisesController.php(84): Model->find('list')
#7 [internal function]: ExercisesController->add()
#8 D:\xampp\htdocs\cakephp\lib\Cake\Controller\Controller.php(485): ReflectionMethod->invokeArgs(Object(ExercisesController), Array)
#9 D:\xampp\htdocs\cakephp\lib\Cake\Routing\Dispatcher.php(186): Controller->invokeAction(Object(CakeRequest))
#10 D:\xampp\htdocs\cakephp\lib\Cake\Routing\Dispatcher.php(161): Dispatcher->_invoke(Object(ExercisesController), Object(CakeRequest), Object(CakeResponse))
#11 D:\xampp\htdocs\cakephp\app\webroot\index.php(92): Dispatcher->dispatch(Object(CakeRequest), Object(CakeResponse))
#12 {main}
2012-11-22 04:04:48 Error: [MissingConnectionException] Database connection "SQLSTATE[HY000] [1045] Access denied for user 'root'@'localhost' (using password: YES)" is missing, or could not be created.
#0 D:\xampp\htdocs\cakephp\lib\Cake\Model\Datasource\DboSource.php(260): Mysql->connect()
#1 D:\xampp\htdocs\cakephp\lib\Cake\Model\ConnectionManager.php(101): DboSource->__construct(Array)
#2 D:\xampp\htdocs\cakephp\lib\Cake\Model\Model.php(3158): ConnectionManager::getDataSource('default')
#3 D:\xampp\htdocs\cakephp\lib\Cake\Model\Model.php(1092): Model->setDataSource('default')
#4 D:\xampp\htdocs\cakephp\lib\Cake\Model\Model.php(3180): Model->setSource('programs')
#5 D:\xampp\htdocs\cakephp\lib\Cake\Model\Model.php(2631): Model->getDataSource()
#6 D:\xampp\htdocs\cakephp\lib\Cake\Controller\Component\PaginatorComponent.php(173): Model->find('all', Array)
#7 D:\xampp\htdocs\cakephp\lib\Cake\Controller\Controller.php(1082): PaginatorComponent->paginate(NULL, Array, Array)
#8 D:\xampp\htdocs\cakephp\app\Controller\ProgramsController.php(17): Controller->paginate()
#9 [internal function]: ProgramsController->index()
#10 D:\xampp\htdocs\cakephp\lib\Cake\Controller\Controller.php(485): ReflectionMethod->invokeArgs(Object(ProgramsController), Array)
#11 D:\xampp\htdocs\cakephp\lib\Cake\Routing\Dispatcher.php(186): Controller->invokeAction(Object(CakeRequest))
#12 D:\xampp\htdocs\cakephp\lib\Cake\Routing\Dispatcher.php(161): Dispatcher->_invoke(Object(ProgramsController), Object(CakeRequest), Object(CakeResponse))
#13 D:\xampp\htdocs\cakephp\app\webroot\index.php(92): Dispatcher->dispatch(Object(CakeRequest), Object(CakeResponse))
#14 {main}
2012-11-22 04:04:52 Error: [MissingConnectionException] Database connection "SQLSTATE[HY000] [1045] Access denied for user 'root'@'localhost' (using password: YES)" is missing, or could not be created.
#0 D:\xampp\htdocs\cakephp\lib\Cake\Model\Datasource\DboSource.php(260): Mysql->connect()
#1 D:\xampp\htdocs\cakephp\lib\Cake\Model\ConnectionManager.php(101): DboSource->__construct(Array)
#2 D:\xampp\htdocs\cakephp\lib\Cake\Model\Model.php(3158): ConnectionManager::getDataSource('default')
#3 D:\xampp\htdocs\cakephp\lib\Cake\Model\Model.php(1092): Model->setDataSource('default')
#4 D:\xampp\htdocs\cakephp\lib\Cake\Model\Model.php(3180): Model->setSource('exercises')
#5 D:\xampp\htdocs\cakephp\lib\Cake\Model\Model.php(2631): Model->getDataSource()
#6 D:\xampp\htdocs\cakephp\lib\Cake\Controller\Component\PaginatorComponent.php(173): Model->find('all', Array)
#7 D:\xampp\htdocs\cakephp\lib\Cake\Controller\Controller.php(1082): PaginatorComponent->paginate(NULL, Array, Array)
#8 D:\xampp\htdocs\cakephp\app\Controller\ExercisesController.php(36): Controller->paginate()
#9 [internal function]: ExercisesController->index()
#10 D:\xampp\htdocs\cakephp\lib\Cake\Controller\Controller.php(485): ReflectionMethod->invokeArgs(Object(ExercisesController), Array)
#11 D:\xampp\htdocs\cakephp\lib\Cake\Routing\Dispatcher.php(186): Controller->invokeAction(Object(CakeRequest))
#12 D:\xampp\htdocs\cakephp\lib\Cake\Routing\Dispatcher.php(161): Dispatcher->_invoke(Object(ExercisesController), Object(CakeRequest), Object(CakeResponse))
#13 D:\xampp\htdocs\cakephp\app\webroot\index.php(92): Dispatcher->dispatch(Object(CakeRequest), Object(CakeResponse))
#14 {main}
2012-11-22 04:53:57 Error: [MissingConnectionException] Database connection "SQLSTATE[HY000] [1045] Access denied for user 'root'@'localhost' (using password: YES)" is missing, or could not be created.
#0 D:\xampp\htdocs\cakephp\lib\Cake\Model\Datasource\DboSource.php(260): Mysql->connect()
#1 D:\xampp\htdocs\cakephp\lib\Cake\Model\ConnectionManager.php(101): DboSource->__construct(Array)
#2 D:\xampp\htdocs\cakephp\lib\Cake\Model\Model.php(3158): ConnectionManager::getDataSource('default')
#3 D:\xampp\htdocs\cakephp\lib\Cake\Model\Model.php(1092): Model->setDataSource('default')
#4 D:\xampp\htdocs\cakephp\lib\Cake\Model\Model.php(3180): Model->setSource('users')
#5 D:\xampp\htdocs\cakephp\lib\Cake\Model\Model.php(2631): Model->getDataSource()
#6 D:\xampp\htdocs\cakephp\lib\Cake\Controller\Component\PaginatorComponent.php(173): Model->find('all', Array)
#7 D:\xampp\htdocs\cakephp\lib\Cake\Controller\Controller.php(1082): PaginatorComponent->paginate('User', Array, Array)
#8 D:\xampp\htdocs\cakephp\app\Controller\UsersController.php(24): Controller->paginate('User', Array)
#9 [internal function]: UsersController->index()
#10 D:\xampp\htdocs\cakephp\lib\Cake\Controller\Controller.php(485): ReflectionMethod->invokeArgs(Object(UsersController), Array)
#11 D:\xampp\htdocs\cakephp\lib\Cake\Routing\Dispatcher.php(186): Controller->invokeAction(Object(CakeRequest))
#12 D:\xampp\htdocs\cakephp\lib\Cake\Routing\Dispatcher.php(161): Dispatcher->_invoke(Object(UsersController), Object(CakeRequest), Object(CakeResponse))
#13 D:\xampp\htdocs\cakephp\app\webroot\index.php(92): Dispatcher->dispatch(Object(CakeRequest), Object(CakeResponse))
#14 {main}
2012-11-22 04:54:50 Error: [MissingTableException] Table programs for model Program was not found in datasource default.
#0 D:\xampp\htdocs\cakephp\lib\Cake\Model\Model.php(3180): Model->setSource('programs')
#1 D:\xampp\htdocs\cakephp\lib\Cake\Model\Model.php(2631): Model->getDataSource()
#2 D:\xampp\htdocs\cakephp\lib\Cake\Controller\Component\PaginatorComponent.php(173): Model->find('all', Array)
#3 D:\xampp\htdocs\cakephp\lib\Cake\Controller\Controller.php(1082): PaginatorComponent->paginate(NULL, Array, Array)
#4 D:\xampp\htdocs\cakephp\app\Controller\ProgramsController.php(17): Controller->paginate()
#5 [internal function]: ProgramsController->index()
#6 D:\xampp\htdocs\cakephp\lib\Cake\Controller\Controller.php(485): ReflectionMethod->invokeArgs(Object(ProgramsController), Array)
#7 D:\xampp\htdocs\cakephp\lib\Cake\Routing\Dispatcher.php(186): Controller->invokeAction(Object(CakeRequest))
#8 D:\xampp\htdocs\cakephp\lib\Cake\Routing\Dispatcher.php(161): Dispatcher->_invoke(Object(ProgramsController), Object(CakeRequest), Object(CakeResponse))
#9 D:\xampp\htdocs\cakephp\app\webroot\index.php(92): Dispatcher->dispatch(Object(CakeRequest), Object(CakeResponse))
#10 {main}
